#-----------------------------------------------------------
# Vivado v2021.1 (64-bit)
# SW Build 3247384 on Thu Jun 10 19:36:33 MDT 2021
# IP Build 3246043 on Fri Jun 11 00:30:35 MDT 2021
# Start of session at: Thu Feb 10 11:02:29 2022
# Process ID: 12084
# Current directory: C:/Users/kenry/OneDrive - CSULB/2021 - 2022/Spring 2022/CECS 341/Lab 2/lab_2_part_2
# Command line: vivado.exe -gui_launcher_event rodinguilauncherevent2548 C:\Users\kenry\OneDrive - CSULB\2021 - 2022\Spring 2022\CECS 341\Lab 2\lab_2_part_2\lab_2_part_2.xpr
# Log file: C:/Users/kenry/OneDrive - CSULB/2021 - 2022/Spring 2022/CECS 341/Lab 2/lab_2_part_2/vivado.log
# Journal file: C:/Users/kenry/OneDrive - CSULB/2021 - 2022/Spring 2022/CECS 341/Lab 2/lab_2_part_2\vivado.jou
#-----------------------------------------------------------
start_gui
open_project {C:/Users/kenry/OneDrive - CSULB/2021 - 2022/Spring 2022/CECS 341/Lab 2/lab_2_part_2/lab_2_part_2.xpr}
INFO: [ProjectBase 1-489] The host OS only allows 260 characters in a normal path. The project is stored in a path with more than 80 characters. If you experience issues with IP, Block Designs, or files not being found, please consider moving the project to a location with a shorter path. Alternately consider using the OS subst command to map part of the path to a drive letter.
Current project path is 'C:/Users/kenry/OneDrive - CSULB/2021 - 2022/Spring 2022/CECS 341/Lab 2/lab_2_part_2'
WARNING: [filemgmt 56-3] Default IP Output Path : Could not find the directory 'C:/Users/kenry/OneDrive - CSULB/2021 - 2022/Spring 2022/CECS 341/Lab 2/lab_2_part_2/lab_2_part_2.gen/sources_1'.
Scanning sources...
Finished scanning sources
INFO: [IP_Flow 19-234] Refreshing IP repositories
INFO: [IP_Flow 19-1704] No user IP repositories specified
INFO: [IP_Flow 19-2313] Loaded Vivado IP repository 'C:/Xilinx/Vivado/2021.1/data/ip'.
update_compile_order -fileset sources_1
launch_simulation
Command: launch_simulation 
INFO: [Vivado 12-12493] Simulation top is 'adder_4bit_tb'
INFO: [Vivado 12-5682] Launching behavioral simulation in 'C:/Users/kenry/OneDrive - CSULB/2021 - 2022/Spring 2022/CECS 341/Lab 2/lab_2_part_2/lab_2_part_2.sim/sim_1/behav/xsim'
INFO: [SIM-utils-51] Simulation object is 'sim_1'
INFO: [SIM-utils-72] Using boost library from 'C:/Xilinx/Vivado/2021.1/tps/boost_1_72_0'
INFO: [SIM-utils-54] Inspecting design source files for 'adder_4bit_tb' in fileset 'sim_1'...
INFO: [USF-XSim-97] Finding global include files...
INFO: [USF-XSim-98] Fetching design files from 'sim_1'...
INFO: [USF-XSim-2] XSim::Compile design
INFO: [USF-XSim-61] Executing 'COMPILE and ANALYZE' step in 'C:/Users/kenry/OneDrive - CSULB/2021 - 2022/Spring 2022/CECS 341/Lab 2/lab_2_part_2/lab_2_part_2.sim/sim_1/behav/xsim'
"xvlog --incr --relax -prj adder_4bit_tb_vlog.prj"
INFO: [VRFC 10-2263] Analyzing Verilog file "C:/Users/kenry/OneDrive - CSULB/2021 - 2022/Spring 2022/CECS 341/Lab 2/lab_2_part_2/lab_2_part_2.srcs/sources_1/new/FA.v" into library xil_defaultlib
INFO: [VRFC 10-311] analyzing module FA
INFO: [VRFC 10-2263] Analyzing Verilog file "C:/Users/kenry/OneDrive - CSULB/2021 - 2022/Spring 2022/CECS 341/Lab 2/lab_2_part_2/lab_2_part_2.srcs/sources_1/new/adder_4bit.v" into library xil_defaultlib
INFO: [VRFC 10-311] analyzing module adder_4bit
INFO: [VRFC 10-2263] Analyzing Verilog file "C:/Users/kenry/OneDrive - CSULB/2021 - 2022/Spring 2022/CECS 341/Lab 2/lab_2_part_2/lab_2_part_2.srcs/sim_1/new/adder_4bit_tb.v" into library xil_defaultlib
INFO: [VRFC 10-311] analyzing module adder_4bit_tb
INFO: [VRFC 10-2263] Analyzing Verilog file "C:/Users/kenry/OneDrive - CSULB/2021 - 2022/Spring 2022/CECS 341/Lab 2/lab_2_part_2/lab_2_part_2.sim/sim_1/behav/xsim/glbl.v" into library xil_defaultlib
INFO: [VRFC 10-311] analyzing module glbl
INFO: [USF-XSim-69] 'compile' step finished in '1' seconds
INFO: [USF-XSim-3] XSim::Elaborate design
INFO: [USF-XSim-61] Executing 'ELABORATE' step in 'C:/Users/kenry/OneDrive - CSULB/2021 - 2022/Spring 2022/CECS 341/Lab 2/lab_2_part_2/lab_2_part_2.sim/sim_1/behav/xsim'
"xelab -wto 1fe5035c80f74ac58d66784f1facb691 --incr --debug typical --relax --mt 2 -L xil_defaultlib -L unisims_ver -L unimacro_ver -L secureip --snapshot adder_4bit_tb_behav xil_defaultlib.adder_4bit_tb xil_defaultlib.glbl -log elaborate.log"
Vivado Simulator v2021.1
Copyright 1986-1999, 2001-2021 Xilinx, Inc. All Rights Reserved.
Running: C:/Xilinx/Vivado/2021.1/bin/unwrapped/win64.o/xelab.exe -wto 1fe5035c80f74ac58d66784f1facb691 --incr --debug typical --relax --mt 2 -L xil_defaultlib -L unisims_ver -L unimacro_ver -L secureip --snapshot adder_4bit_tb_behav xil_defaultlib.adder_4bit_tb xil_defaultlib.glbl -log elaborate.log 
Using 2 slave threads.
Starting static elaboration
Pass Through NonSizing Optimizer
Completed static elaboration
Starting simulation data flow analysis
Completed simulation data flow analysis
Time Resolution for simulation is 1ps
Compiling module xil_defaultlib.FA
Compiling module xil_defaultlib.adder_4bit
Compiling module xil_defaultlib.adder_4bit_tb
Compiling module xil_defaultlib.glbl
Built simulation snapshot adder_4bit_tb_behav
ERROR: [Common 17-165] Too many positional options when parsing '-notrace', please type 'webtalk -help' for usage info.

INFO: [USF-XSim-69] 'elaborate' step finished in '5' seconds
INFO: [USF-XSim-4] XSim::Simulate design
INFO: [USF-XSim-61] Executing 'SIMULATE' step in 'C:/Users/kenry/OneDrive - CSULB/2021 - 2022/Spring 2022/CECS 341/Lab 2/lab_2_part_2/lab_2_part_2.sim/sim_1/behav/xsim'
INFO: [USF-XSim-98] *** Running xsim
   with args "adder_4bit_tb_behav -key {Behavioral:sim_1:Functional:adder_4bit_tb} -tclbatch {adder_4bit_tb.tcl} -log {simulate.log}"
INFO: [USF-XSim-8] Loading simulator feature
Time resolution is 1 ps
source adder_4bit_tb.tcl
# set curr_wave [current_wave_config]
# if { [string length $curr_wave] == 0 } {
#   if { [llength [get_objects]] > 0} {
#     add_wave /
#     set_property needs_save false [current_wave_config]
#   } else {
#      send_msg_id Add_Wave-1 WARNING "No top level signals found. Simulator will start without a wave window. If you want to open a wave window go to 'File->New Waveform Configuration' or type 'create_wave_config' in the TCL console."
#   }
# }
# run 2560ns
time=   5.0 ns  A=0000 + B=0000  ||  Output=0000  Carry_Out=0
time=  10.0 ns  A=0001 + B=0001  ||  Output=0010  Carry_Out=0
time=  15.0 ns  A=0010 + B=0010  ||  Output=0100  Carry_Out=0
time=  20.0 ns  A=0011 + B=0011  ||  Output=0110  Carry_Out=0
time=  25.0 ns  A=0100 + B=0100  ||  Output=1000  Carry_Out=0
time=  30.0 ns  A=0101 + B=0101  ||  Output=1010  Carry_Out=0
time=  35.0 ns  A=0110 + B=0110  ||  Output=1100  Carry_Out=0
time=  40.0 ns  A=0111 + B=0111  ||  Output=1110  Carry_Out=0
time=  45.0 ns  A=1000 + B=1000  ||  Output=0000  Carry_Out=1
time=  50.0 ns  A=1001 + B=1001  ||  Output=0010  Carry_Out=1
time=  55.0 ns  A=1010 + B=1010  ||  Output=0100  Carry_Out=1
time=  60.0 ns  A=1011 + B=1011  ||  Output=0110  Carry_Out=1
time=  65.0 ns  A=1100 + B=1100  ||  Output=1000  Carry_Out=1
time=  70.0 ns  A=1101 + B=1101  ||  Output=1010  Carry_Out=1
time=  75.0 ns  A=1110 + B=1110  ||  Output=1100  Carry_Out=1
time=  80.0 ns  A=1111 + B=1111  ||  Output=1110  Carry_Out=1
time=  85.0 ns  A=0000 + B=0000  ||  Output=0000  Carry_Out=0
time=  90.0 ns  A=0001 + B=0001  ||  Output=0010  Carry_Out=0
time=  95.0 ns  A=0010 + B=0010  ||  Output=0100  Carry_Out=0
time= 100.0 ns  A=0011 + B=0011  ||  Output=0110  Carry_Out=0
time= 105.0 ns  A=0100 + B=0100  ||  Output=1000  Carry_Out=0
time= 110.0 ns  A=0101 + B=0101  ||  Output=1010  Carry_Out=0
time= 115.0 ns  A=0110 + B=0110  ||  Output=1100  Carry_Out=0
time= 120.0 ns  A=0111 + B=0111  ||  Output=1110  Carry_Out=0
time= 125.0 ns  A=1000 + B=1000  ||  Output=0000  Carry_Out=1
time= 130.0 ns  A=1001 + B=1001  ||  Output=0010  Carry_Out=1
time= 135.0 ns  A=1010 + B=1010  ||  Output=0100  Carry_Out=1
time= 140.0 ns  A=1011 + B=1011  ||  Output=0110  Carry_Out=1
time= 145.0 ns  A=1100 + B=1100  ||  Output=1000  Carry_Out=1
time= 150.0 ns  A=1101 + B=1101  ||  Output=1010  Carry_Out=1
time= 155.0 ns  A=1110 + B=1110  ||  Output=1100  Carry_Out=1
time= 160.0 ns  A=1111 + B=1111  ||  Output=1110  Carry_Out=1
time= 165.0 ns  A=0000 + B=0000  ||  Output=0000  Carry_Out=0
time= 170.0 ns  A=0001 + B=0001  ||  Output=0010  Carry_Out=0
time= 175.0 ns  A=0010 + B=0010  ||  Output=0100  Carry_Out=0
time= 180.0 ns  A=0011 + B=0011  ||  Output=0110  Carry_Out=0
time= 185.0 ns  A=0100 + B=0100  ||  Output=1000  Carry_Out=0
time= 190.0 ns  A=0101 + B=0101  ||  Output=1010  Carry_Out=0
time= 195.0 ns  A=0110 + B=0110  ||  Output=1100  Carry_Out=0
time= 200.0 ns  A=0111 + B=0111  ||  Output=1110  Carry_Out=0
time= 205.0 ns  A=1000 + B=1000  ||  Output=0000  Carry_Out=1
time= 210.0 ns  A=1001 + B=1001  ||  Output=0010  Carry_Out=1
time= 215.0 ns  A=1010 + B=1010  ||  Output=0100  Carry_Out=1
time= 220.0 ns  A=1011 + B=1011  ||  Output=0110  Carry_Out=1
time= 225.0 ns  A=1100 + B=1100  ||  Output=1000  Carry_Out=1
time= 230.0 ns  A=1101 + B=1101  ||  Output=1010  Carry_Out=1
time= 235.0 ns  A=1110 + B=1110  ||  Output=1100  Carry_Out=1
time= 240.0 ns  A=1111 + B=1111  ||  Output=1110  Carry_Out=1
time= 245.0 ns  A=0000 + B=0000  ||  Output=0000  Carry_Out=0
time= 250.0 ns  A=0001 + B=0001  ||  Output=0010  Carry_Out=0
time= 255.0 ns  A=0010 + B=0010  ||  Output=0100  Carry_Out=0
time= 260.0 ns  A=0011 + B=0011  ||  Output=0110  Carry_Out=0
time= 265.0 ns  A=0100 + B=0100  ||  Output=1000  Carry_Out=0
time= 270.0 ns  A=0101 + B=0101  ||  Output=1010  Carry_Out=0
time= 275.0 ns  A=0110 + B=0110  ||  Output=1100  Carry_Out=0
time= 280.0 ns  A=0111 + B=0111  ||  Output=1110  Carry_Out=0
time= 285.0 ns  A=1000 + B=1000  ||  Output=0000  Carry_Out=1
time= 290.0 ns  A=1001 + B=1001  ||  Output=0010  Carry_Out=1
time= 295.0 ns  A=1010 + B=1010  ||  Output=0100  Carry_Out=1
time= 300.0 ns  A=1011 + B=1011  ||  Output=0110  Carry_Out=1
time= 305.0 ns  A=1100 + B=1100  ||  Output=1000  Carry_Out=1
time= 310.0 ns  A=1101 + B=1101  ||  Output=1010  Carry_Out=1
time= 315.0 ns  A=1110 + B=1110  ||  Output=1100  Carry_Out=1
time= 320.0 ns  A=1111 + B=1111  ||  Output=1110  Carry_Out=1
time= 325.0 ns  A=0000 + B=0000  ||  Output=0000  Carry_Out=0
time= 330.0 ns  A=0001 + B=0001  ||  Output=0010  Carry_Out=0
time= 335.0 ns  A=0010 + B=0010  ||  Output=0100  Carry_Out=0
time= 340.0 ns  A=0011 + B=0011  ||  Output=0110  Carry_Out=0
time= 345.0 ns  A=0100 + B=0100  ||  Output=1000  Carry_Out=0
time= 350.0 ns  A=0101 + B=0101  ||  Output=1010  Carry_Out=0
time= 355.0 ns  A=0110 + B=0110  ||  Output=1100  Carry_Out=0
time= 360.0 ns  A=0111 + B=0111  ||  Output=1110  Carry_Out=0
time= 365.0 ns  A=1000 + B=1000  ||  Output=0000  Carry_Out=1
time= 370.0 ns  A=1001 + B=1001  ||  Output=0010  Carry_Out=1
time= 375.0 ns  A=1010 + B=1010  ||  Output=0100  Carry_Out=1
time= 380.0 ns  A=1011 + B=1011  ||  Output=0110  Carry_Out=1
time= 385.0 ns  A=1100 + B=1100  ||  Output=1000  Carry_Out=1
time= 390.0 ns  A=1101 + B=1101  ||  Output=1010  Carry_Out=1
time= 395.0 ns  A=1110 + B=1110  ||  Output=1100  Carry_Out=1
time= 400.0 ns  A=1111 + B=1111  ||  Output=1110  Carry_Out=1
time= 405.0 ns  A=0000 + B=0000  ||  Output=0000  Carry_Out=0
time= 410.0 ns  A=0001 + B=0001  ||  Output=0010  Carry_Out=0
time= 415.0 ns  A=0010 + B=0010  ||  Output=0100  Carry_Out=0
time= 420.0 ns  A=0011 + B=0011  ||  Output=0110  Carry_Out=0
time= 425.0 ns  A=0100 + B=0100  ||  Output=1000  Carry_Out=0
time= 430.0 ns  A=0101 + B=0101  ||  Output=1010  Carry_Out=0
time= 435.0 ns  A=0110 + B=0110  ||  Output=1100  Carry_Out=0
time= 440.0 ns  A=0111 + B=0111  ||  Output=1110  Carry_Out=0
time= 445.0 ns  A=1000 + B=1000  ||  Output=0000  Carry_Out=1
time= 450.0 ns  A=1001 + B=1001  ||  Output=0010  Carry_Out=1
time= 455.0 ns  A=1010 + B=1010  ||  Output=0100  Carry_Out=1
time= 460.0 ns  A=1011 + B=1011  ||  Output=0110  Carry_Out=1
time= 465.0 ns  A=1100 + B=1100  ||  Output=1000  Carry_Out=1
time= 470.0 ns  A=1101 + B=1101  ||  Output=1010  Carry_Out=1
time= 475.0 ns  A=1110 + B=1110  ||  Output=1100  Carry_Out=1
time= 480.0 ns  A=1111 + B=1111  ||  Output=1110  Carry_Out=1
time= 485.0 ns  A=0000 + B=0000  ||  Output=0000  Carry_Out=0
time= 490.0 ns  A=0001 + B=0001  ||  Output=0010  Carry_Out=0
time= 495.0 ns  A=0010 + B=0010  ||  Output=0100  Carry_Out=0
time= 500.0 ns  A=0011 + B=0011  ||  Output=0110  Carry_Out=0
time= 505.0 ns  A=0100 + B=0100  ||  Output=1000  Carry_Out=0
time= 510.0 ns  A=0101 + B=0101  ||  Output=1010  Carry_Out=0
time= 515.0 ns  A=0110 + B=0110  ||  Output=1100  Carry_Out=0
time= 520.0 ns  A=0111 + B=0111  ||  Output=1110  Carry_Out=0
time= 525.0 ns  A=1000 + B=1000  ||  Output=0000  Carry_Out=1
time= 530.0 ns  A=1001 + B=1001  ||  Output=0010  Carry_Out=1
time= 535.0 ns  A=1010 + B=1010  ||  Output=0100  Carry_Out=1
time= 540.0 ns  A=1011 + B=1011  ||  Output=0110  Carry_Out=1
time= 545.0 ns  A=1100 + B=1100  ||  Output=1000  Carry_Out=1
time= 550.0 ns  A=1101 + B=1101  ||  Output=1010  Carry_Out=1
time= 555.0 ns  A=1110 + B=1110  ||  Output=1100  Carry_Out=1
time= 560.0 ns  A=1111 + B=1111  ||  Output=1110  Carry_Out=1
time= 565.0 ns  A=0000 + B=0000  ||  Output=0000  Carry_Out=0
time= 570.0 ns  A=0001 + B=0001  ||  Output=0010  Carry_Out=0
time= 575.0 ns  A=0010 + B=0010  ||  Output=0100  Carry_Out=0
time= 580.0 ns  A=0011 + B=0011  ||  Output=0110  Carry_Out=0
time= 585.0 ns  A=0100 + B=0100  ||  Output=1000  Carry_Out=0
time= 590.0 ns  A=0101 + B=0101  ||  Output=1010  Carry_Out=0
time= 595.0 ns  A=0110 + B=0110  ||  Output=1100  Carry_Out=0
time= 600.0 ns  A=0111 + B=0111  ||  Output=1110  Carry_Out=0
time= 605.0 ns  A=1000 + B=1000  ||  Output=0000  Carry_Out=1
time= 610.0 ns  A=1001 + B=1001  ||  Output=0010  Carry_Out=1
time= 615.0 ns  A=1010 + B=1010  ||  Output=0100  Carry_Out=1
time= 620.0 ns  A=1011 + B=1011  ||  Output=0110  Carry_Out=1
time= 625.0 ns  A=1100 + B=1100  ||  Output=1000  Carry_Out=1
time= 630.0 ns  A=1101 + B=1101  ||  Output=1010  Carry_Out=1
time= 635.0 ns  A=1110 + B=1110  ||  Output=1100  Carry_Out=1
time= 640.0 ns  A=1111 + B=1111  ||  Output=1110  Carry_Out=1
time= 645.0 ns  A=0000 + B=0000  ||  Output=0000  Carry_Out=0
time= 650.0 ns  A=0001 + B=0001  ||  Output=0010  Carry_Out=0
time= 655.0 ns  A=0010 + B=0010  ||  Output=0100  Carry_Out=0
time= 660.0 ns  A=0011 + B=0011  ||  Output=0110  Carry_Out=0
time= 665.0 ns  A=0100 + B=0100  ||  Output=1000  Carry_Out=0
time= 670.0 ns  A=0101 + B=0101  ||  Output=1010  Carry_Out=0
time= 675.0 ns  A=0110 + B=0110  ||  Output=1100  Carry_Out=0
time= 680.0 ns  A=0111 + B=0111  ||  Output=1110  Carry_Out=0
time= 685.0 ns  A=1000 + B=1000  ||  Output=0000  Carry_Out=1
time= 690.0 ns  A=1001 + B=1001  ||  Output=0010  Carry_Out=1
time= 695.0 ns  A=1010 + B=1010  ||  Output=0100  Carry_Out=1
time= 700.0 ns  A=1011 + B=1011  ||  Output=0110  Carry_Out=1
time= 705.0 ns  A=1100 + B=1100  ||  Output=1000  Carry_Out=1
time= 710.0 ns  A=1101 + B=1101  ||  Output=1010  Carry_Out=1
time= 715.0 ns  A=1110 + B=1110  ||  Output=1100  Carry_Out=1
time= 720.0 ns  A=1111 + B=1111  ||  Output=1110  Carry_Out=1
time= 725.0 ns  A=0000 + B=0000  ||  Output=0000  Carry_Out=0
time= 730.0 ns  A=0001 + B=0001  ||  Output=0010  Carry_Out=0
time= 735.0 ns  A=0010 + B=0010  ||  Output=0100  Carry_Out=0
time= 740.0 ns  A=0011 + B=0011  ||  Output=0110  Carry_Out=0
time= 745.0 ns  A=0100 + B=0100  ||  Output=1000  Carry_Out=0
time= 750.0 ns  A=0101 + B=0101  ||  Output=1010  Carry_Out=0
time= 755.0 ns  A=0110 + B=0110  ||  Output=1100  Carry_Out=0
time= 760.0 ns  A=0111 + B=0111  ||  Output=1110  Carry_Out=0
time= 765.0 ns  A=1000 + B=1000  ||  Output=0000  Carry_Out=1
time= 770.0 ns  A=1001 + B=1001  ||  Output=0010  Carry_Out=1
time= 775.0 ns  A=1010 + B=1010  ||  Output=0100  Carry_Out=1
time= 780.0 ns  A=1011 + B=1011  ||  Output=0110  Carry_Out=1
time= 785.0 ns  A=1100 + B=1100  ||  Output=1000  Carry_Out=1
time= 790.0 ns  A=1101 + B=1101  ||  Output=1010  Carry_Out=1
time= 795.0 ns  A=1110 + B=1110  ||  Output=1100  Carry_Out=1
time= 800.0 ns  A=1111 + B=1111  ||  Output=1110  Carry_Out=1
time= 805.0 ns  A=0000 + B=0000  ||  Output=0000  Carry_Out=0
time= 810.0 ns  A=0001 + B=0001  ||  Output=0010  Carry_Out=0
time= 815.0 ns  A=0010 + B=0010  ||  Output=0100  Carry_Out=0
time= 820.0 ns  A=0011 + B=0011  ||  Output=0110  Carry_Out=0
time= 825.0 ns  A=0100 + B=0100  ||  Output=1000  Carry_Out=0
time= 830.0 ns  A=0101 + B=0101  ||  Output=1010  Carry_Out=0
time= 835.0 ns  A=0110 + B=0110  ||  Output=1100  Carry_Out=0
time= 840.0 ns  A=0111 + B=0111  ||  Output=1110  Carry_Out=0
time= 845.0 ns  A=1000 + B=1000  ||  Output=0000  Carry_Out=1
time= 850.0 ns  A=1001 + B=1001  ||  Output=0010  Carry_Out=1
time= 855.0 ns  A=1010 + B=1010  ||  Output=0100  Carry_Out=1
time= 860.0 ns  A=1011 + B=1011  ||  Output=0110  Carry_Out=1
time= 865.0 ns  A=1100 + B=1100  ||  Output=1000  Carry_Out=1
time= 870.0 ns  A=1101 + B=1101  ||  Output=1010  Carry_Out=1
time= 875.0 ns  A=1110 + B=1110  ||  Output=1100  Carry_Out=1
time= 880.0 ns  A=1111 + B=1111  ||  Output=1110  Carry_Out=1
time= 885.0 ns  A=0000 + B=0000  ||  Output=0000  Carry_Out=0
time= 890.0 ns  A=0001 + B=0001  ||  Output=0010  Carry_Out=0
time= 895.0 ns  A=0010 + B=0010  ||  Output=0100  Carry_Out=0
time= 900.0 ns  A=0011 + B=0011  ||  Output=0110  Carry_Out=0
time= 905.0 ns  A=0100 + B=0100  ||  Output=1000  Carry_Out=0
time= 910.0 ns  A=0101 + B=0101  ||  Output=1010  Carry_Out=0
time= 915.0 ns  A=0110 + B=0110  ||  Output=1100  Carry_Out=0
time= 920.0 ns  A=0111 + B=0111  ||  Output=1110  Carry_Out=0
time= 925.0 ns  A=1000 + B=1000  ||  Output=0000  Carry_Out=1
time= 930.0 ns  A=1001 + B=1001  ||  Output=0010  Carry_Out=1
time= 935.0 ns  A=1010 + B=1010  ||  Output=0100  Carry_Out=1
time= 940.0 ns  A=1011 + B=1011  ||  Output=0110  Carry_Out=1
time= 945.0 ns  A=1100 + B=1100  ||  Output=1000  Carry_Out=1
time= 950.0 ns  A=1101 + B=1101  ||  Output=1010  Carry_Out=1
time= 955.0 ns  A=1110 + B=1110  ||  Output=1100  Carry_Out=1
time= 960.0 ns  A=1111 + B=1111  ||  Output=1110  Carry_Out=1
time= 965.0 ns  A=0000 + B=0000  ||  Output=0000  Carry_Out=0
time= 970.0 ns  A=0001 + B=0001  ||  Output=0010  Carry_Out=0
time= 975.0 ns  A=0010 + B=0010  ||  Output=0100  Carry_Out=0
time= 980.0 ns  A=0011 + B=0011  ||  Output=0110  Carry_Out=0
time= 985.0 ns  A=0100 + B=0100  ||  Output=1000  Carry_Out=0
time= 990.0 ns  A=0101 + B=0101  ||  Output=1010  Carry_Out=0
time= 995.0 ns  A=0110 + B=0110  ||  Output=1100  Carry_Out=0
time=1000.0 ns  A=0111 + B=0111  ||  Output=1110  Carry_Out=0
time=1005.0 ns  A=1000 + B=1000  ||  Output=0000  Carry_Out=1
time=1010.0 ns  A=1001 + B=1001  ||  Output=0010  Carry_Out=1
time=1015.0 ns  A=1010 + B=1010  ||  Output=0100  Carry_Out=1
time=1020.0 ns  A=1011 + B=1011  ||  Output=0110  Carry_Out=1
time=1025.0 ns  A=1100 + B=1100  ||  Output=1000  Carry_Out=1
time=1030.0 ns  A=1101 + B=1101  ||  Output=1010  Carry_Out=1
time=1035.0 ns  A=1110 + B=1110  ||  Output=1100  Carry_Out=1
time=1040.0 ns  A=1111 + B=1111  ||  Output=1110  Carry_Out=1
time=1045.0 ns  A=0000 + B=0000  ||  Output=0000  Carry_Out=0
time=1050.0 ns  A=0001 + B=0001  ||  Output=0010  Carry_Out=0
time=1055.0 ns  A=0010 + B=0010  ||  Output=0100  Carry_Out=0
time=1060.0 ns  A=0011 + B=0011  ||  Output=0110  Carry_Out=0
time=1065.0 ns  A=0100 + B=0100  ||  Output=1000  Carry_Out=0
time=1070.0 ns  A=0101 + B=0101  ||  Output=1010  Carry_Out=0
time=1075.0 ns  A=0110 + B=0110  ||  Output=1100  Carry_Out=0
time=1080.0 ns  A=0111 + B=0111  ||  Output=1110  Carry_Out=0
time=1085.0 ns  A=1000 + B=1000  ||  Output=0000  Carry_Out=1
time=1090.0 ns  A=1001 + B=1001  ||  Output=0010  Carry_Out=1
time=1095.0 ns  A=1010 + B=1010  ||  Output=0100  Carry_Out=1
time=1100.0 ns  A=1011 + B=1011  ||  Output=0110  Carry_Out=1
time=1105.0 ns  A=1100 + B=1100  ||  Output=1000  Carry_Out=1
time=1110.0 ns  A=1101 + B=1101  ||  Output=1010  Carry_Out=1
time=1115.0 ns  A=1110 + B=1110  ||  Output=1100  Carry_Out=1
time=1120.0 ns  A=1111 + B=1111  ||  Output=1110  Carry_Out=1
time=1125.0 ns  A=0000 + B=0000  ||  Output=0000  Carry_Out=0
time=1130.0 ns  A=0001 + B=0001  ||  Output=0010  Carry_Out=0
time=1135.0 ns  A=0010 + B=0010  ||  Output=0100  Carry_Out=0
time=1140.0 ns  A=0011 + B=0011  ||  Output=0110  Carry_Out=0
time=1145.0 ns  A=0100 + B=0100  ||  Output=1000  Carry_Out=0
time=1150.0 ns  A=0101 + B=0101  ||  Output=1010  Carry_Out=0
time=1155.0 ns  A=0110 + B=0110  ||  Output=1100  Carry_Out=0
time=1160.0 ns  A=0111 + B=0111  ||  Output=1110  Carry_Out=0
time=1165.0 ns  A=1000 + B=1000  ||  Output=0000  Carry_Out=1
time=1170.0 ns  A=1001 + B=1001  ||  Output=0010  Carry_Out=1
time=1175.0 ns  A=1010 + B=1010  ||  Output=0100  Carry_Out=1
time=1180.0 ns  A=1011 + B=1011  ||  Output=0110  Carry_Out=1
time=1185.0 ns  A=1100 + B=1100  ||  Output=1000  Carry_Out=1
time=1190.0 ns  A=1101 + B=1101  ||  Output=1010  Carry_Out=1
time=1195.0 ns  A=1110 + B=1110  ||  Output=1100  Carry_Out=1
time=1200.0 ns  A=1111 + B=1111  ||  Output=1110  Carry_Out=1
time=1205.0 ns  A=0000 + B=0000  ||  Output=0000  Carry_Out=0
time=1210.0 ns  A=0001 + B=0001  ||  Output=0010  Carry_Out=0
time=1215.0 ns  A=0010 + B=0010  ||  Output=0100  Carry_Out=0
time=1220.0 ns  A=0011 + B=0011  ||  Output=0110  Carry_Out=0
time=1225.0 ns  A=0100 + B=0100  ||  Output=1000  Carry_Out=0
time=1230.0 ns  A=0101 + B=0101  ||  Output=1010  Carry_Out=0
time=1235.0 ns  A=0110 + B=0110  ||  Output=1100  Carry_Out=0
time=1240.0 ns  A=0111 + B=0111  ||  Output=1110  Carry_Out=0
time=1245.0 ns  A=1000 + B=1000  ||  Output=0000  Carry_Out=1
time=1250.0 ns  A=1001 + B=1001  ||  Output=0010  Carry_Out=1
time=1255.0 ns  A=1010 + B=1010  ||  Output=0100  Carry_Out=1
time=1260.0 ns  A=1011 + B=1011  ||  Output=0110  Carry_Out=1
time=1265.0 ns  A=1100 + B=1100  ||  Output=1000  Carry_Out=1
time=1270.0 ns  A=1101 + B=1101  ||  Output=1010  Carry_Out=1
time=1275.0 ns  A=1110 + B=1110  ||  Output=1100  Carry_Out=1
time=1280.0 ns  A=1111 + B=1111  ||  Output=1110  Carry_Out=1
time=1285.0 ns  A=0000 - B=0000  ||  Output=0000  Carry_Out=1
time=1290.0 ns  A=0001 - B=0001  ||  Output=0000  Carry_Out=1
time=1295.0 ns  A=0010 - B=0010  ||  Output=0000  Carry_Out=1
time=1300.0 ns  A=0011 - B=0011  ||  Output=0000  Carry_Out=1
time=1305.0 ns  A=0100 - B=0100  ||  Output=0000  Carry_Out=1
time=1310.0 ns  A=0101 - B=0101  ||  Output=0000  Carry_Out=1
time=1315.0 ns  A=0110 - B=0110  ||  Output=0000  Carry_Out=1
time=1320.0 ns  A=0111 - B=0111  ||  Output=0000  Carry_Out=1
time=1325.0 ns  A=1000 - B=1000  ||  Output=0000  Carry_Out=1
time=1330.0 ns  A=1001 - B=1001  ||  Output=0000  Carry_Out=1
time=1335.0 ns  A=1010 - B=1010  ||  Output=0000  Carry_Out=1
time=1340.0 ns  A=1011 - B=1011  ||  Output=0000  Carry_Out=1
time=1345.0 ns  A=1100 - B=1100  ||  Output=0000  Carry_Out=1
time=1350.0 ns  A=1101 - B=1101  ||  Output=0000  Carry_Out=1
time=1355.0 ns  A=1110 - B=1110  ||  Output=0000  Carry_Out=1
time=1360.0 ns  A=1111 - B=1111  ||  Output=0000  Carry_Out=1
time=1365.0 ns  A=0000 - B=0000  ||  Output=0000  Carry_Out=1
time=1370.0 ns  A=0001 - B=0001  ||  Output=0000  Carry_Out=1
time=1375.0 ns  A=0010 - B=0010  ||  Output=0000  Carry_Out=1
time=1380.0 ns  A=0011 - B=0011  ||  Output=0000  Carry_Out=1
time=1385.0 ns  A=0100 - B=0100  ||  Output=0000  Carry_Out=1
time=1390.0 ns  A=0101 - B=0101  ||  Output=0000  Carry_Out=1
time=1395.0 ns  A=0110 - B=0110  ||  Output=0000  Carry_Out=1
time=1400.0 ns  A=0111 - B=0111  ||  Output=0000  Carry_Out=1
time=1405.0 ns  A=1000 - B=1000  ||  Output=0000  Carry_Out=1
time=1410.0 ns  A=1001 - B=1001  ||  Output=0000  Carry_Out=1
time=1415.0 ns  A=1010 - B=1010  ||  Output=0000  Carry_Out=1
time=1420.0 ns  A=1011 - B=1011  ||  Output=0000  Carry_Out=1
time=1425.0 ns  A=1100 - B=1100  ||  Output=0000  Carry_Out=1
time=1430.0 ns  A=1101 - B=1101  ||  Output=0000  Carry_Out=1
time=1435.0 ns  A=1110 - B=1110  ||  Output=0000  Carry_Out=1
time=1440.0 ns  A=1111 - B=1111  ||  Output=0000  Carry_Out=1
time=1445.0 ns  A=0000 - B=0000  ||  Output=0000  Carry_Out=1
time=1450.0 ns  A=0001 - B=0001  ||  Output=0000  Carry_Out=1
time=1455.0 ns  A=0010 - B=0010  ||  Output=0000  Carry_Out=1
time=1460.0 ns  A=0011 - B=0011  ||  Output=0000  Carry_Out=1
time=1465.0 ns  A=0100 - B=0100  ||  Output=0000  Carry_Out=1
time=1470.0 ns  A=0101 - B=0101  ||  Output=0000  Carry_Out=1
time=1475.0 ns  A=0110 - B=0110  ||  Output=0000  Carry_Out=1
time=1480.0 ns  A=0111 - B=0111  ||  Output=0000  Carry_Out=1
time=1485.0 ns  A=1000 - B=1000  ||  Output=0000  Carry_Out=1
time=1490.0 ns  A=1001 - B=1001  ||  Output=0000  Carry_Out=1
time=1495.0 ns  A=1010 - B=1010  ||  Output=0000  Carry_Out=1
time=1500.0 ns  A=1011 - B=1011  ||  Output=0000  Carry_Out=1
time=1505.0 ns  A=1100 - B=1100  ||  Output=0000  Carry_Out=1
time=1510.0 ns  A=1101 - B=1101  ||  Output=0000  Carry_Out=1
time=1515.0 ns  A=1110 - B=1110  ||  Output=0000  Carry_Out=1
time=1520.0 ns  A=1111 - B=1111  ||  Output=0000  Carry_Out=1
time=1525.0 ns  A=0000 - B=0000  ||  Output=0000  Carry_Out=1
time=1530.0 ns  A=0001 - B=0001  ||  Output=0000  Carry_Out=1
time=1535.0 ns  A=0010 - B=0010  ||  Output=0000  Carry_Out=1
time=1540.0 ns  A=0011 - B=0011  ||  Output=0000  Carry_Out=1
time=1545.0 ns  A=0100 - B=0100  ||  Output=0000  Carry_Out=1
time=1550.0 ns  A=0101 - B=0101  ||  Output=0000  Carry_Out=1
time=1555.0 ns  A=0110 - B=0110  ||  Output=0000  Carry_Out=1
time=1560.0 ns  A=0111 - B=0111  ||  Output=0000  Carry_Out=1
time=1565.0 ns  A=1000 - B=1000  ||  Output=0000  Carry_Out=1
time=1570.0 ns  A=1001 - B=1001  ||  Output=0000  Carry_Out=1
time=1575.0 ns  A=1010 - B=1010  ||  Output=0000  Carry_Out=1
time=1580.0 ns  A=1011 - B=1011  ||  Output=0000  Carry_Out=1
time=1585.0 ns  A=1100 - B=1100  ||  Output=0000  Carry_Out=1
time=1590.0 ns  A=1101 - B=1101  ||  Output=0000  Carry_Out=1
time=1595.0 ns  A=1110 - B=1110  ||  Output=0000  Carry_Out=1
time=1600.0 ns  A=1111 - B=1111  ||  Output=0000  Carry_Out=1
time=1605.0 ns  A=0000 - B=0000  ||  Output=0000  Carry_Out=1
time=1610.0 ns  A=0001 - B=0001  ||  Output=0000  Carry_Out=1
time=1615.0 ns  A=0010 - B=0010  ||  Output=0000  Carry_Out=1
time=1620.0 ns  A=0011 - B=0011  ||  Output=0000  Carry_Out=1
time=1625.0 ns  A=0100 - B=0100  ||  Output=0000  Carry_Out=1
time=1630.0 ns  A=0101 - B=0101  ||  Output=0000  Carry_Out=1
time=1635.0 ns  A=0110 - B=0110  ||  Output=0000  Carry_Out=1
time=1640.0 ns  A=0111 - B=0111  ||  Output=0000  Carry_Out=1
time=1645.0 ns  A=1000 - B=1000  ||  Output=0000  Carry_Out=1
time=1650.0 ns  A=1001 - B=1001  ||  Output=0000  Carry_Out=1
time=1655.0 ns  A=1010 - B=1010  ||  Output=0000  Carry_Out=1
time=1660.0 ns  A=1011 - B=1011  ||  Output=0000  Carry_Out=1
time=1665.0 ns  A=1100 - B=1100  ||  Output=0000  Carry_Out=1
time=1670.0 ns  A=1101 - B=1101  ||  Output=0000  Carry_Out=1
time=1675.0 ns  A=1110 - B=1110  ||  Output=0000  Carry_Out=1
time=1680.0 ns  A=1111 - B=1111  ||  Output=0000  Carry_Out=1
time=1685.0 ns  A=0000 - B=0000  ||  Output=0000  Carry_Out=1
time=1690.0 ns  A=0001 - B=0001  ||  Output=0000  Carry_Out=1
time=1695.0 ns  A=0010 - B=0010  ||  Output=0000  Carry_Out=1
time=1700.0 ns  A=0011 - B=0011  ||  Output=0000  Carry_Out=1
time=1705.0 ns  A=0100 - B=0100  ||  Output=0000  Carry_Out=1
time=1710.0 ns  A=0101 - B=0101  ||  Output=0000  Carry_Out=1
time=1715.0 ns  A=0110 - B=0110  ||  Output=0000  Carry_Out=1
time=1720.0 ns  A=0111 - B=0111  ||  Output=0000  Carry_Out=1
time=1725.0 ns  A=1000 - B=1000  ||  Output=0000  Carry_Out=1
time=1730.0 ns  A=1001 - B=1001  ||  Output=0000  Carry_Out=1
time=1735.0 ns  A=1010 - B=1010  ||  Output=0000  Carry_Out=1
time=1740.0 ns  A=1011 - B=1011  ||  Output=0000  Carry_Out=1
time=1745.0 ns  A=1100 - B=1100  ||  Output=0000  Carry_Out=1
time=1750.0 ns  A=1101 - B=1101  ||  Output=0000  Carry_Out=1
time=1755.0 ns  A=1110 - B=1110  ||  Output=0000  Carry_Out=1
time=1760.0 ns  A=1111 - B=1111  ||  Output=0000  Carry_Out=1
time=1765.0 ns  A=0000 - B=0000  ||  Output=0000  Carry_Out=1
time=1770.0 ns  A=0001 - B=0001  ||  Output=0000  Carry_Out=1
time=1775.0 ns  A=0010 - B=0010  ||  Output=0000  Carry_Out=1
time=1780.0 ns  A=0011 - B=0011  ||  Output=0000  Carry_Out=1
time=1785.0 ns  A=0100 - B=0100  ||  Output=0000  Carry_Out=1
time=1790.0 ns  A=0101 - B=0101  ||  Output=0000  Carry_Out=1
time=1795.0 ns  A=0110 - B=0110  ||  Output=0000  Carry_Out=1
time=1800.0 ns  A=0111 - B=0111  ||  Output=0000  Carry_Out=1
time=1805.0 ns  A=1000 - B=1000  ||  Output=0000  Carry_Out=1
time=1810.0 ns  A=1001 - B=1001  ||  Output=0000  Carry_Out=1
time=1815.0 ns  A=1010 - B=1010  ||  Output=0000  Carry_Out=1
time=1820.0 ns  A=1011 - B=1011  ||  Output=0000  Carry_Out=1
time=1825.0 ns  A=1100 - B=1100  ||  Output=0000  Carry_Out=1
time=1830.0 ns  A=1101 - B=1101  ||  Output=0000  Carry_Out=1
time=1835.0 ns  A=1110 - B=1110  ||  Output=0000  Carry_Out=1
time=1840.0 ns  A=1111 - B=1111  ||  Output=0000  Carry_Out=1
time=1845.0 ns  A=0000 - B=0000  ||  Output=0000  Carry_Out=1
time=1850.0 ns  A=0001 - B=0001  ||  Output=0000  Carry_Out=1
time=1855.0 ns  A=0010 - B=0010  ||  Output=0000  Carry_Out=1
time=1860.0 ns  A=0011 - B=0011  ||  Output=0000  Carry_Out=1
time=1865.0 ns  A=0100 - B=0100  ||  Output=0000  Carry_Out=1
time=1870.0 ns  A=0101 - B=0101  ||  Output=0000  Carry_Out=1
time=1875.0 ns  A=0110 - B=0110  ||  Output=0000  Carry_Out=1
time=1880.0 ns  A=0111 - B=0111  ||  Output=0000  Carry_Out=1
time=1885.0 ns  A=1000 - B=1000  ||  Output=0000  Carry_Out=1
time=1890.0 ns  A=1001 - B=1001  ||  Output=0000  Carry_Out=1
time=1895.0 ns  A=1010 - B=1010  ||  Output=0000  Carry_Out=1
time=1900.0 ns  A=1011 - B=1011  ||  Output=0000  Carry_Out=1
time=1905.0 ns  A=1100 - B=1100  ||  Output=0000  Carry_Out=1
time=1910.0 ns  A=1101 - B=1101  ||  Output=0000  Carry_Out=1
time=1915.0 ns  A=1110 - B=1110  ||  Output=0000  Carry_Out=1
time=1920.0 ns  A=1111 - B=1111  ||  Output=0000  Carry_Out=1
time=1925.0 ns  A=0000 - B=0000  ||  Output=0000  Carry_Out=1
time=1930.0 ns  A=0001 - B=0001  ||  Output=0000  Carry_Out=1
time=1935.0 ns  A=0010 - B=0010  ||  Output=0000  Carry_Out=1
time=1940.0 ns  A=0011 - B=0011  ||  Output=0000  Carry_Out=1
time=1945.0 ns  A=0100 - B=0100  ||  Output=0000  Carry_Out=1
time=1950.0 ns  A=0101 - B=0101  ||  Output=0000  Carry_Out=1
time=1955.0 ns  A=0110 - B=0110  ||  Output=0000  Carry_Out=1
time=1960.0 ns  A=0111 - B=0111  ||  Output=0000  Carry_Out=1
time=1965.0 ns  A=1000 - B=1000  ||  Output=0000  Carry_Out=1
time=1970.0 ns  A=1001 - B=1001  ||  Output=0000  Carry_Out=1
time=1975.0 ns  A=1010 - B=1010  ||  Output=0000  Carry_Out=1
time=1980.0 ns  A=1011 - B=1011  ||  Output=0000  Carry_Out=1
time=1985.0 ns  A=1100 - B=1100  ||  Output=0000  Carry_Out=1
time=1990.0 ns  A=1101 - B=1101  ||  Output=0000  Carry_Out=1
time=1995.0 ns  A=1110 - B=1110  ||  Output=0000  Carry_Out=1
time=2000.0 ns  A=1111 - B=1111  ||  Output=0000  Carry_Out=1
time=2005.0 ns  A=0000 - B=0000  ||  Output=0000  Carry_Out=1
time=2010.0 ns  A=0001 - B=0001  ||  Output=0000  Carry_Out=1
time=2015.0 ns  A=0010 - B=0010  ||  Output=0000  Carry_Out=1
time=2020.0 ns  A=0011 - B=0011  ||  Output=0000  Carry_Out=1
time=2025.0 ns  A=0100 - B=0100  ||  Output=0000  Carry_Out=1
time=2030.0 ns  A=0101 - B=0101  ||  Output=0000  Carry_Out=1
time=2035.0 ns  A=0110 - B=0110  ||  Output=0000  Carry_Out=1
time=2040.0 ns  A=0111 - B=0111  ||  Output=0000  Carry_Out=1
time=2045.0 ns  A=1000 - B=1000  ||  Output=0000  Carry_Out=1
time=2050.0 ns  A=1001 - B=1001  ||  Output=0000  Carry_Out=1
time=2055.0 ns  A=1010 - B=1010  ||  Output=0000  Carry_Out=1
time=2060.0 ns  A=1011 - B=1011  ||  Output=0000  Carry_Out=1
time=2065.0 ns  A=1100 - B=1100  ||  Output=0000  Carry_Out=1
time=2070.0 ns  A=1101 - B=1101  ||  Output=0000  Carry_Out=1
time=2075.0 ns  A=1110 - B=1110  ||  Output=0000  Carry_Out=1
time=2080.0 ns  A=1111 - B=1111  ||  Output=0000  Carry_Out=1
time=2085.0 ns  A=0000 - B=0000  ||  Output=0000  Carry_Out=1
time=2090.0 ns  A=0001 - B=0001  ||  Output=0000  Carry_Out=1
time=2095.0 ns  A=0010 - B=0010  ||  Output=0000  Carry_Out=1
time=2100.0 ns  A=0011 - B=0011  ||  Output=0000  Carry_Out=1
time=2105.0 ns  A=0100 - B=0100  ||  Output=0000  Carry_Out=1
time=2110.0 ns  A=0101 - B=0101  ||  Output=0000  Carry_Out=1
time=2115.0 ns  A=0110 - B=0110  ||  Output=0000  Carry_Out=1
time=2120.0 ns  A=0111 - B=0111  ||  Output=0000  Carry_Out=1
time=2125.0 ns  A=1000 - B=1000  ||  Output=0000  Carry_Out=1
time=2130.0 ns  A=1001 - B=1001  ||  Output=0000  Carry_Out=1
time=2135.0 ns  A=1010 - B=1010  ||  Output=0000  Carry_Out=1
time=2140.0 ns  A=1011 - B=1011  ||  Output=0000  Carry_Out=1
time=2145.0 ns  A=1100 - B=1100  ||  Output=0000  Carry_Out=1
time=2150.0 ns  A=1101 - B=1101  ||  Output=0000  Carry_Out=1
time=2155.0 ns  A=1110 - B=1110  ||  Output=0000  Carry_Out=1
time=2160.0 ns  A=1111 - B=1111  ||  Output=0000  Carry_Out=1
time=2165.0 ns  A=0000 - B=0000  ||  Output=0000  Carry_Out=1
time=2170.0 ns  A=0001 - B=0001  ||  Output=0000  Carry_Out=1
time=2175.0 ns  A=0010 - B=0010  ||  Output=0000  Carry_Out=1
time=2180.0 ns  A=0011 - B=0011  ||  Output=0000  Carry_Out=1
time=2185.0 ns  A=0100 - B=0100  ||  Output=0000  Carry_Out=1
time=2190.0 ns  A=0101 - B=0101  ||  Output=0000  Carry_Out=1
time=2195.0 ns  A=0110 - B=0110  ||  Output=0000  Carry_Out=1
time=2200.0 ns  A=0111 - B=0111  ||  Output=0000  Carry_Out=1
time=2205.0 ns  A=1000 - B=1000  ||  Output=0000  Carry_Out=1
time=2210.0 ns  A=1001 - B=1001  ||  Output=0000  Carry_Out=1
time=2215.0 ns  A=1010 - B=1010  ||  Output=0000  Carry_Out=1
time=2220.0 ns  A=1011 - B=1011  ||  Output=0000  Carry_Out=1
time=2225.0 ns  A=1100 - B=1100  ||  Output=0000  Carry_Out=1
time=2230.0 ns  A=1101 - B=1101  ||  Output=0000  Carry_Out=1
time=2235.0 ns  A=1110 - B=1110  ||  Output=0000  Carry_Out=1
time=2240.0 ns  A=1111 - B=1111  ||  Output=0000  Carry_Out=1
time=2245.0 ns  A=0000 - B=0000  ||  Output=0000  Carry_Out=1
time=2250.0 ns  A=0001 - B=0001  ||  Output=0000  Carry_Out=1
time=2255.0 ns  A=0010 - B=0010  ||  Output=0000  Carry_Out=1
time=2260.0 ns  A=0011 - B=0011  ||  Output=0000  Carry_Out=1
time=2265.0 ns  A=0100 - B=0100  ||  Output=0000  Carry_Out=1
time=2270.0 ns  A=0101 - B=0101  ||  Output=0000  Carry_Out=1
time=2275.0 ns  A=0110 - B=0110  ||  Output=0000  Carry_Out=1
time=2280.0 ns  A=0111 - B=0111  ||  Output=0000  Carry_Out=1
time=2285.0 ns  A=1000 - B=1000  ||  Output=0000  Carry_Out=1
time=2290.0 ns  A=1001 - B=1001  ||  Output=0000  Carry_Out=1
time=2295.0 ns  A=1010 - B=1010  ||  Output=0000  Carry_Out=1
time=2300.0 ns  A=1011 - B=1011  ||  Output=0000  Carry_Out=1
time=2305.0 ns  A=1100 - B=1100  ||  Output=0000  Carry_Out=1
time=2310.0 ns  A=1101 - B=1101  ||  Output=0000  Carry_Out=1
time=2315.0 ns  A=1110 - B=1110  ||  Output=0000  Carry_Out=1
time=2320.0 ns  A=1111 - B=1111  ||  Output=0000  Carry_Out=1
time=2325.0 ns  A=0000 - B=0000  ||  Output=0000  Carry_Out=1
time=2330.0 ns  A=0001 - B=0001  ||  Output=0000  Carry_Out=1
time=2335.0 ns  A=0010 - B=0010  ||  Output=0000  Carry_Out=1
time=2340.0 ns  A=0011 - B=0011  ||  Output=0000  Carry_Out=1
time=2345.0 ns  A=0100 - B=0100  ||  Output=0000  Carry_Out=1
time=2350.0 ns  A=0101 - B=0101  ||  Output=0000  Carry_Out=1
time=2355.0 ns  A=0110 - B=0110  ||  Output=0000  Carry_Out=1
time=2360.0 ns  A=0111 - B=0111  ||  Output=0000  Carry_Out=1
time=2365.0 ns  A=1000 - B=1000  ||  Output=0000  Carry_Out=1
time=2370.0 ns  A=1001 - B=1001  ||  Output=0000  Carry_Out=1
time=2375.0 ns  A=1010 - B=1010  ||  Output=0000  Carry_Out=1
time=2380.0 ns  A=1011 - B=1011  ||  Output=0000  Carry_Out=1
time=2385.0 ns  A=1100 - B=1100  ||  Output=0000  Carry_Out=1
time=2390.0 ns  A=1101 - B=1101  ||  Output=0000  Carry_Out=1
time=2395.0 ns  A=1110 - B=1110  ||  Output=0000  Carry_Out=1
time=2400.0 ns  A=1111 - B=1111  ||  Output=0000  Carry_Out=1
time=2405.0 ns  A=0000 - B=0000  ||  Output=0000  Carry_Out=1
time=2410.0 ns  A=0001 - B=0001  ||  Output=0000  Carry_Out=1
time=2415.0 ns  A=0010 - B=0010  ||  Output=0000  Carry_Out=1
time=2420.0 ns  A=0011 - B=0011  ||  Output=0000  Carry_Out=1
time=2425.0 ns  A=0100 - B=0100  ||  Output=0000  Carry_Out=1
time=2430.0 ns  A=0101 - B=0101  ||  Output=0000  Carry_Out=1
time=2435.0 ns  A=0110 - B=0110  ||  Output=0000  Carry_Out=1
time=2440.0 ns  A=0111 - B=0111  ||  Output=0000  Carry_Out=1
time=2445.0 ns  A=1000 - B=1000  ||  Output=0000  Carry_Out=1
time=2450.0 ns  A=1001 - B=1001  ||  Output=0000  Carry_Out=1
time=2455.0 ns  A=1010 - B=1010  ||  Output=0000  Carry_Out=1
time=2460.0 ns  A=1011 - B=1011  ||  Output=0000  Carry_Out=1
time=2465.0 ns  A=1100 - B=1100  ||  Output=0000  Carry_Out=1
time=2470.0 ns  A=1101 - B=1101  ||  Output=0000  Carry_Out=1
time=2475.0 ns  A=1110 - B=1110  ||  Output=0000  Carry_Out=1
time=2480.0 ns  A=1111 - B=1111  ||  Output=0000  Carry_Out=1
time=2485.0 ns  A=0000 - B=0000  ||  Output=0000  Carry_Out=1
time=2490.0 ns  A=0001 - B=0001  ||  Output=0000  Carry_Out=1
time=2495.0 ns  A=0010 - B=0010  ||  Output=0000  Carry_Out=1
time=2500.0 ns  A=0011 - B=0011  ||  Output=0000  Carry_Out=1
time=2505.0 ns  A=0100 - B=0100  ||  Output=0000  Carry_Out=1
time=2510.0 ns  A=0101 - B=0101  ||  Output=0000  Carry_Out=1
time=2515.0 ns  A=0110 - B=0110  ||  Output=0000  Carry_Out=1
time=2520.0 ns  A=0111 - B=0111  ||  Output=0000  Carry_Out=1
time=2525.0 ns  A=1000 - B=1000  ||  Output=0000  Carry_Out=1
time=2530.0 ns  A=1001 - B=1001  ||  Output=0000  Carry_Out=1
time=2535.0 ns  A=1010 - B=1010  ||  Output=0000  Carry_Out=1
time=2540.0 ns  A=1011 - B=1011  ||  Output=0000  Carry_Out=1
time=2545.0 ns  A=1100 - B=1100  ||  Output=0000  Carry_Out=1
time=2550.0 ns  A=1101 - B=1101  ||  Output=0000  Carry_Out=1
time=2555.0 ns  A=1110 - B=1110  ||  Output=0000  Carry_Out=1
time=2560.0 ns  A=1111 - B=1111  ||  Output=0000  Carry_Out=1
$finish called at time : 2560 ns : File "C:/Users/kenry/OneDrive - CSULB/2021 - 2022/Spring 2022/CECS 341/Lab 2/lab_2_part_2/lab_2_part_2.srcs/sim_1/new/adder_4bit_tb.v" Line 48
xsim: Time (s): cpu = 00:00:09 ; elapsed = 00:00:05 . Memory (MB): peak = 1472.223 ; gain = 0.000
INFO: [USF-XSim-96] XSim completed. Design snapshot 'adder_4bit_tb_behav' loaded.
INFO: [USF-XSim-97] XSim simulation ran for 2560ns
launch_simulation: Time (s): cpu = 00:00:11 ; elapsed = 00:00:13 . Memory (MB): peak = 1472.223 ; gain = 0.000
close_sim
INFO: [Simtcl 6-16] Simulation closed
launch_simulation
Command: launch_simulation 
INFO: [Vivado 12-12493] Simulation top is 'adder_4bit_tb'
INFO: [Vivado 12-5682] Launching behavioral simulation in 'C:/Users/kenry/OneDrive - CSULB/2021 - 2022/Spring 2022/CECS 341/Lab 2/lab_2_part_2/lab_2_part_2.sim/sim_1/behav/xsim'
INFO: [SIM-utils-51] Simulation object is 'sim_1'
INFO: [SIM-utils-72] Using boost library from 'C:/Xilinx/Vivado/2021.1/tps/boost_1_72_0'
INFO: [SIM-utils-54] Inspecting design source files for 'adder_4bit_tb' in fileset 'sim_1'...
INFO: [USF-XSim-97] Finding global include files...
INFO: [USF-XSim-98] Fetching design files from 'sim_1'...
INFO: [USF-XSim-2] XSim::Compile design
INFO: [USF-XSim-61] Executing 'COMPILE and ANALYZE' step in 'C:/Users/kenry/OneDrive - CSULB/2021 - 2022/Spring 2022/CECS 341/Lab 2/lab_2_part_2/lab_2_part_2.sim/sim_1/behav/xsim'
"xvlog --incr --relax -prj adder_4bit_tb_vlog.prj"
INFO: [VRFC 10-2263] Analyzing Verilog file "C:/Users/kenry/OneDrive - CSULB/2021 - 2022/Spring 2022/CECS 341/Lab 2/lab_2_part_2/lab_2_part_2.srcs/sources_1/new/FA.v" into library xil_defaultlib
INFO: [VRFC 10-311] analyzing module FA
INFO: [VRFC 10-2263] Analyzing Verilog file "C:/Users/kenry/OneDrive - CSULB/2021 - 2022/Spring 2022/CECS 341/Lab 2/lab_2_part_2/lab_2_part_2.srcs/sources_1/new/adder_4bit.v" into library xil_defaultlib
INFO: [VRFC 10-311] analyzing module adder_4bit
INFO: [VRFC 10-2263] Analyzing Verilog file "C:/Users/kenry/OneDrive - CSULB/2021 - 2022/Spring 2022/CECS 341/Lab 2/lab_2_part_2/lab_2_part_2.srcs/sim_1/new/adder_4bit_tb.v" into library xil_defaultlib
INFO: [VRFC 10-311] analyzing module adder_4bit_tb
WARNING: [VRFC 10-3522] missing or empty argument against format specification for 'display' [C:/Users/kenry/OneDrive - CSULB/2021 - 2022/Spring 2022/CECS 341/Lab 2/lab_2_part_2/lab_2_part_2.srcs/sim_1/new/adder_4bit_tb.v:44]
WARNING: [VRFC 10-3522] missing or empty argument against format specification for 'display' [C:/Users/kenry/OneDrive - CSULB/2021 - 2022/Spring 2022/CECS 341/Lab 2/lab_2_part_2/lab_2_part_2.srcs/sim_1/new/adder_4bit_tb.v:45]
INFO: [USF-XSim-69] 'compile' step finished in '2' seconds
INFO: [USF-XSim-3] XSim::Elaborate design
INFO: [USF-XSim-61] Executing 'ELABORATE' step in 'C:/Users/kenry/OneDrive - CSULB/2021 - 2022/Spring 2022/CECS 341/Lab 2/lab_2_part_2/lab_2_part_2.sim/sim_1/behav/xsim'
"xelab -wto 1fe5035c80f74ac58d66784f1facb691 --incr --debug typical --relax --mt 2 -L xil_defaultlib -L unisims_ver -L unimacro_ver -L secureip --snapshot adder_4bit_tb_behav xil_defaultlib.adder_4bit_tb xil_defaultlib.glbl -log elaborate.log"
Vivado Simulator v2021.1
Copyright 1986-1999, 2001-2021 Xilinx, Inc. All Rights Reserved.
Running: C:/Xilinx/Vivado/2021.1/bin/unwrapped/win64.o/xelab.exe -wto 1fe5035c80f74ac58d66784f1facb691 --incr --debug typical --relax --mt 2 -L xil_defaultlib -L unisims_ver -L unimacro_ver -L secureip --snapshot adder_4bit_tb_behav xil_defaultlib.adder_4bit_tb xil_defaultlib.glbl -log elaborate.log 
Using 2 slave threads.
Starting static elaboration
Pass Through NonSizing Optimizer
Completed static elaboration
Starting simulation data flow analysis
Completed simulation data flow analysis
Time Resolution for simulation is 1ps
Compiling module xil_defaultlib.FA
Compiling module xil_defaultlib.adder_4bit
Compiling module xil_defaultlib.adder_4bit_tb
ERROR: [XSIM 43-3185] "C:/Users/kenry/OneDrive - CSULB/2021 - 2022/Spring 2022/CECS 341/Lab 2/lab_2_part_2/lab_2_part_2.srcs/sim_1/new/adder_4bit_tb.v" Line 44. Number of arguments are less than format specifiers. 
INFO: [USF-XSim-69] 'elaborate' step finished in '1' seconds
INFO: [USF-XSim-99] Step results log file:'C:/Users/kenry/OneDrive - CSULB/2021 - 2022/Spring 2022/CECS 341/Lab 2/lab_2_part_2/lab_2_part_2.sim/sim_1/behav/xsim/elaborate.log'
ERROR: [USF-XSim-62] 'elaborate' step failed with error(s). Please check the Tcl console output or 'C:/Users/kenry/OneDrive - CSULB/2021 - 2022/Spring 2022/CECS 341/Lab 2/lab_2_part_2/lab_2_part_2.sim/sim_1/behav/xsim/elaborate.log' file for more information.
ERROR: [Vivado 12-4473] Detected error while running simulation. Please correct the issue and retry this operation.
ERROR: [Common 17-39] 'launch_simulation' failed due to earlier errors.
launch_simulation
Command: launch_simulation 
INFO: [Vivado 12-12493] Simulation top is 'adder_4bit_tb'
INFO: [Vivado 12-5682] Launching behavioral simulation in 'C:/Users/kenry/OneDrive - CSULB/2021 - 2022/Spring 2022/CECS 341/Lab 2/lab_2_part_2/lab_2_part_2.sim/sim_1/behav/xsim'
INFO: [SIM-utils-51] Simulation object is 'sim_1'
INFO: [SIM-utils-72] Using boost library from 'C:/Xilinx/Vivado/2021.1/tps/boost_1_72_0'
INFO: [SIM-utils-54] Inspecting design source files for 'adder_4bit_tb' in fileset 'sim_1'...
INFO: [USF-XSim-97] Finding global include files...
INFO: [USF-XSim-98] Fetching design files from 'sim_1'...
INFO: [USF-XSim-2] XSim::Compile design
INFO: [USF-XSim-61] Executing 'COMPILE and ANALYZE' step in 'C:/Users/kenry/OneDrive - CSULB/2021 - 2022/Spring 2022/CECS 341/Lab 2/lab_2_part_2/lab_2_part_2.sim/sim_1/behav/xsim'
"xvlog --incr --relax -prj adder_4bit_tb_vlog.prj"
INFO: [USF-XSim-69] 'compile' step finished in '1' seconds
INFO: [USF-XSim-3] XSim::Elaborate design
INFO: [USF-XSim-61] Executing 'ELABORATE' step in 'C:/Users/kenry/OneDrive - CSULB/2021 - 2022/Spring 2022/CECS 341/Lab 2/lab_2_part_2/lab_2_part_2.sim/sim_1/behav/xsim'
"xelab -wto 1fe5035c80f74ac58d66784f1facb691 --incr --debug typical --relax --mt 2 -L xil_defaultlib -L unisims_ver -L unimacro_ver -L secureip --snapshot adder_4bit_tb_behav xil_defaultlib.adder_4bit_tb xil_defaultlib.glbl -log elaborate.log"
Vivado Simulator v2021.1
Copyright 1986-1999, 2001-2021 Xilinx, Inc. All Rights Reserved.
Running: C:/Xilinx/Vivado/2021.1/bin/unwrapped/win64.o/xelab.exe -wto 1fe5035c80f74ac58d66784f1facb691 --incr --debug typical --relax --mt 2 -L xil_defaultlib -L unisims_ver -L unimacro_ver -L secureip --snapshot adder_4bit_tb_behav xil_defaultlib.adder_4bit_tb xil_defaultlib.glbl -log elaborate.log 
Using 2 slave threads.
Starting static elaboration
Pass Through NonSizing Optimizer
Completed static elaboration
Starting simulation data flow analysis
Completed simulation data flow analysis
Time Resolution for simulation is 1ps
Compiling module xil_defaultlib.FA
Compiling module xil_defaultlib.adder_4bit
Compiling module xil_defaultlib.adder_4bit_tb
ERROR: [XSIM 43-3185] "C:/Users/kenry/OneDrive - CSULB/2021 - 2022/Spring 2022/CECS 341/Lab 2/lab_2_part_2/lab_2_part_2.srcs/sim_1/new/adder_4bit_tb.v" Line 44. Number of arguments are less than format specifiers. 
INFO: [USF-XSim-69] 'elaborate' step finished in '1' seconds
INFO: [USF-XSim-99] Step results log file:'C:/Users/kenry/OneDrive - CSULB/2021 - 2022/Spring 2022/CECS 341/Lab 2/lab_2_part_2/lab_2_part_2.sim/sim_1/behav/xsim/elaborate.log'
ERROR: [USF-XSim-62] 'elaborate' step failed with error(s). Please check the Tcl console output or 'C:/Users/kenry/OneDrive - CSULB/2021 - 2022/Spring 2022/CECS 341/Lab 2/lab_2_part_2/lab_2_part_2.sim/sim_1/behav/xsim/elaborate.log' file for more information.
ERROR: [Vivado 12-4473] Detected error while running simulation. Please correct the issue and retry this operation.
ERROR: [Common 17-39] 'launch_simulation' failed due to earlier errors.
exit
INFO: [Common 17-206] Exiting Vivado at Thu Feb 10 11:06:58 2022...
