#-----------------------------------------------------------
# Vivado v2021.1 (64-bit)
# SW Build 3247384 on Thu Jun 10 19:36:33 MDT 2021
# IP Build 3246043 on Fri Jun 11 00:30:35 MDT 2021
# Start of session at: Thu Feb 10 10:54:15 2022
# Process ID: 13212
# Current directory: C:/Users/kenry/OneDrive - CSULB/2021 - 2022/Spring 2022/CECS 341/Lab 2/lab_2_part_2
# Command line: vivado.exe -gui_launcher_event rodinguilauncherevent6296 C:\Users\kenry\OneDrive - CSULB\2021 - 2022\Spring 2022\CECS 341\Lab 2\lab_2_part_2\lab_2_part_2.xpr
# Log file: C:/Users/kenry/OneDrive - CSULB/2021 - 2022/Spring 2022/CECS 341/Lab 2/lab_2_part_2/vivado.log
# Journal file: C:/Users/kenry/OneDrive - CSULB/2021 - 2022/Spring 2022/CECS 341/Lab 2/lab_2_part_2\vivado.jou
#-----------------------------------------------------------
start_gui
open_project {C:/Users/kenry/OneDrive - CSULB/2021 - 2022/Spring 2022/CECS 341/Lab 2/lab_2_part_2/lab_2_part_2.xpr}
INFO: [ProjectBase 1-489] The host OS only allows 260 characters in a normal path. The project is stored in a path with more than 80 characters. If you experience issues with IP, Block Designs, or files not being found, please consider moving the project to a location with a shorter path. Alternately consider using the OS subst command to map part of the path to a drive letter.
Current project path is 'C:/Users/kenry/OneDrive - CSULB/2021 - 2022/Spring 2022/CECS 341/Lab 2/lab_2_part_2'
WWARNING: [filemgmt 56-3] Default IP Output Path : Could not find the directory 'C:/Users/kenry/OneDrive - CSULB/2021 - 2022/Spring 2022/CECS 341/Lab 2/lab_2_part_2/lab_2_part_2.gen/sources_1'.
Scanning sources...
Finished scanning sourcesIINFO: [IP_Flow 19-234] Refreshing IP repositories
INFO: [IP_Flow 19-1704] No user IP repositories specifiedIINFO: [IP_Flow 19-2313] Loaded Vivado IP repository 'C:/Xilinx/Vivado/2021.1/data/ip'.oopen_project: Time (s): cpu = 00:00:20 ; elapsed = 00:00:15 . Memory (MB): peak = 1122.367 ; gain = 0.000
update_compile_order -fileset sources_1
launch_simulation
Command: launch_simulation 
INFO: [Vivado 12-12493] Simulation top is 'adder_4bit_tb'
INFO: [Vivado 12-5682] Launching behavioral simulation in 'C:/Users/kenry/OneDrive - CSULB/2021 - 2022/Spring 2022/CECS 341/Lab 2/lab_2_part_2/lab_2_part_2.sim/sim_1/behav/xsim'
INFO: [SIM-utils-51] Simulation object is 'sim_1'
INFO: [SIM-utils-72] Using boost library from 'C:/Xilinx/Vivado/2021.1/tps/boost_1_72_0'
INFO: [SIM-utils-54] Inspecting design source files for 'adder_4bit_tb' in fileset 'sim_1'...
INFO: [USF-XSim-97] Finding global include files...
INFO: [USF-XSim-98] Fetching design files from 'sim_1'...
INFO: [USF-XSim-2] XSim::Compile design
INFO: [USF-XSim-61] Executing 'COMPILE and ANALYZE' step in 'C:/Users/kenry/OneDrive - CSULB/2021 - 2022/Spring 2022/CECS 341/Lab 2/lab_2_part_2/lab_2_part_2.sim/sim_1/behav/xsim'
"xvlog --incr --relax -prj adder_4bit_tb_vlog.prj"
INFO: [USF-XSim-69] 'compile' step finished in '2' seconds
INFO: [USF-XSim-3] XSim::Elaborate design
INFO: [USF-XSim-61] Executing 'ELABORATE' step in 'C:/Users/kenry/OneDrive - CSULB/2021 - 2022/Spring 2022/CECS 341/Lab 2/lab_2_part_2/lab_2_part_2.sim/sim_1/behav/xsim'
"xelab -wto 1fe5035c80f74ac58d66784f1facb691 --incr --debug typical --relax --mt 2 -L xil_defaultlib -L unisims_ver -L unimacro_ver -L secureip --snapshot adder_4bit_tb_behav xil_defaultlib.adder_4bit_tb xil_defaultlib.glbl -log elaborate.log"
Vivado Simulator v2021.1
Copyright 1986-1999, 2001-2021 Xilinx, Inc. All Rights Reserved.
Running: C:/Xilinx/Vivado/2021.1/bin/unwrapped/win64.o/xelab.exe -wto 1fe5035c80f74ac58d66784f1facb691 --incr --debug typical --relax --mt 2 -L xil_defaultlib -L unisims_ver -L unimacro_ver -L secureip --snapshot adder_4bit_tb_behav xil_defaultlib.adder_4bit_tb xil_defaultlib.glbl -log elaborate.log 
Using 2 slave threads.
Starting static elaboration
Pass Through NonSizing Optimizer
Completed static elaboration
INFO: [XSIM 43-4323] No Change in HDL. Linking previously generated obj files to create kernel
The system cannot find the drive specified.
INFO: [USF-XSim-69] 'elaborate' step finished in '1' seconds
ERROR: [USF-XSim-62] 'elaborate' step failed with error(s) while executing 'C:/Users/kenry/OneDrive - CSULB/2021 - 2022/Spring 2022/CECS 341/Lab 2/lab_2_part_2/lab_2_part_2.sim/sim_1/behav/xsim/elaborate.bat' script. Please check that the file has the correct 'read/write/execute' permissions and the Tcl console output for any other possible errors or warnings.
ERROR: [Vivado 12-4473] Detected error while running simulation. Please correct the issue and retry this operation.
ERROR: [Common 17-39] 'launch_simulation' failed due to earlier errors.
ROR: [Common 17-39] 'launch_simulation' failed due to earlier errors.
update_compile_order -fileset sources_1
